<?xml version="1.0" encoding="UTF-8"?>
<testng-results skipped="0" failed="0" ignored="0" total="2" passed="2">
  <reporter-output>
  </reporter-output>
  <suite name="Suite" duration-ms="152517" started-at="2018-03-13T06:30:03Z" finished-at="2018-03-13T06:32:36Z">
    <groups>
    </groups>
    <test name="FireFoxTest" duration-ms="152517" started-at="2018-03-13T06:30:03Z" finished-at="2018-03-13T06:32:36Z">
      <class name="parllelTesting.NewTest">
        <test-method status="PASS" signature="launchbrowser(java.lang.String)[pri:0, instance:parllelTesting.NewTest@cc285f4]" name="launchbrowser" is-config="true" duration-ms="114399" started-at="2018-03-13T06:30:03Z" finished-at="2018-03-13T06:31:58Z">
          <params>
            <param index="0">
              <value>
                <![CDATA[firefox]]>
              </value>
            </param>
          </params>
          <reporter-output>
          </reporter-output>
        </test-method> <!-- launchbrowser -->
        <test-method status="PASS" signature="f()[pri:0, instance:parllelTesting.NewTest@cc285f4]" name="f" duration-ms="37829" started-at="2018-03-13T06:31:58Z" finished-at="2018-03-13T06:32:36Z">
          <reporter-output>
          </reporter-output>
        </test-method> <!-- f -->
      </class> <!-- parllelTesting.NewTest -->
    </test> <!-- FireFoxTest -->
    <test name="ChromeTest" duration-ms="152429" started-at="2018-03-13T06:30:03Z" finished-at="2018-03-13T06:32:36Z">
      <class name="parllelTesting.NewTest">
        <test-method status="PASS" signature="launchbrowser(java.lang.String)[pri:0, instance:parllelTesting.NewTest@604ed9f0]" name="launchbrowser" is-config="true" duration-ms="49645" started-at="2018-03-13T06:30:03Z" finished-at="2018-03-13T06:30:53Z">
          <params>
            <param index="0">
              <value>
                <![CDATA[chrome]]>
              </value>
            </param>
          </params>
          <reporter-output>
          </reporter-output>
        </test-method> <!-- launchbrowser -->
        <test-method status="PASS" signature="f()[pri:0, instance:parllelTesting.NewTest@604ed9f0]" name="f" duration-ms="102422" started-at="2018-03-13T06:30:53Z" finished-at="2018-03-13T06:32:36Z">
          <reporter-output>
          </reporter-output>
        </test-method> <!-- f -->
      </class> <!-- parllelTesting.NewTest -->
    </test> <!-- ChromeTest -->
  </suite> <!-- Suite -->
</testng-results>
