<?xml version="1.0" encoding="UTF-8"?>
<!-- Generated by org.testng.reporters.JUnitXMLReporter -->
<testsuite hostname="sayu-PC" ignored="1" name="Default test" tests="2" failures="0" timestamp="22 Feb 2018 07:12:17 GMT" time="0.045" errors="0">
  <testcase name="test1" time="0.014" classname="com.testng.ex.NewTest"/>
  <testcase name="test3" time="0.002" classname="com.testng.ex.NewTest"/>
  <testcase name="test2" time="0.0" classname="com.testng.ex.NewTest">
    <ignored/>
  </testcase> <!-- test2 -->
</testsuite> <!-- Default test -->
