<?xml version="1.0" encoding="UTF-8"?>
<testng-results skipped="0" failed="0" ignored="0" total="1" passed="1">
  <reporter-output>
  </reporter-output>
  <suite name="Default suite" duration-ms="84330" started-at="2018-02-26T07:05:48Z" finished-at="2018-02-26T07:07:13Z">
    <groups>
    </groups>
    <test name="Default test" duration-ms="84330" started-at="2018-02-26T07:05:48Z" finished-at="2018-02-26T07:07:13Z">
      <class name="com.testng.ex.NewTest1">
        <test-method status="PASS" signature="beforeMethod()[pri:0, instance:com.testng.ex.NewTest1@5b275dab]" name="beforeMethod" is-config="true" duration-ms="68212" started-at="2018-02-26T07:05:48Z" finished-at="2018-02-26T07:06:56Z">
          <reporter-output>
          </reporter-output>
        </test-method> <!-- beforeMethod -->
        <test-method status="PASS" signature="test1()[pri:0, instance:com.testng.ex.NewTest1@5b275dab]" name="test1" duration-ms="7863" started-at="2018-02-26T07:06:56Z" finished-at="2018-02-26T07:07:04Z">
          <reporter-output>
          </reporter-output>
        </test-method> <!-- test1 -->
        <test-method status="PASS" signature="afterMethod()[pri:0, instance:com.testng.ex.NewTest1@5b275dab]" name="afterMethod" is-config="true" duration-ms="8152" started-at="2018-02-26T07:07:04Z" finished-at="2018-02-26T07:07:13Z">
          <reporter-output>
          </reporter-output>
        </test-method> <!-- afterMethod -->
      </class> <!-- com.testng.ex.NewTest1 -->
    </test> <!-- Default test -->
  </suite> <!-- Default suite -->
</testng-results>
